<?xml version="1.0" encoding="UTF-8"?>
<!-- Generated by org.testng.reporters.JUnitReportReporter -->
<testsuite skipped="0" hostname="LAPTOP-INV4FEQ8" name="com.projectname_qa.testcases.LoginPageTest" tests="7" failures="0" timestamp="2022-06-16T20:21:15 EDT" time="87.047" errors="0">
  <testcase name="loginPageTitleTest" time="10.602" classname="com.projectname_qa.testcases.LoginPageTest"/>
  <system-out/>
  <testcase name="loginPageCurrentUrlTest" time="6.830" classname="com.projectname_qa.testcases.LoginPageTest"/>
  <system-out/>
  <testcase name="loginPageLogoImageTest" time="6.924" classname="com.projectname_qa.testcases.LoginPageTest"/>
  <system-out/>
  <testcase name="loginDetailsTest" time="15.827" classname="com.projectname_qa.testcases.LoginPageTest"/>
  <system-out/>
  <testcase name="loginDetailsTest" time="14.789" classname="com.projectname_qa.testcases.LoginPageTest"/>
  <system-out/>
  <testcase name="loginDetailsTest" time="15.729" classname="com.projectname_qa.testcases.LoginPageTest"/>
  <system-out/>
  <testcase name="loginDetailsTest" time="16.346" classname="com.projectname_qa.testcases.LoginPageTest"/>
  <system-out/>
</testsuite> <!-- com.projectname_qa.testcases.LoginPageTest -->
